Starting training at Sat Nov 22 07:47:23 PM +04 2025
name, memory.total [MiB]
NVIDIA A100-SXM4-40GB, 40960 MiB
NVIDIA A100-SXM4-40GB, 40960 MiB
NVIDIA A100-SXM4-40GB, 40960 MiB
NVIDIA A100-SXM4-40GB, 40960 MiB
======================================================================
SAC + HER Training Configuration
======================================================================
Task:              GauzeRetrieveRL-v0
Total timesteps:   1,000,000
Parallel envs:     8
Buffer size:       1,500,000
Batch size:        256
Learning rate:     0.0003
Gamma:             0.95
Tau:               0.005
Gradient steps:    -1
HER strategy:      future
HER n_goals:       6
Normalize obs:     True
Device:            cuda
Seed:              42
Memory optimize:   False
Output dir:        /l/users/khalfan.hableel/xarel/sb3/outputs/GauzeRetrieveRL-v0/seed_42
======================================================================

Validating environment with SB3 env_checker...
We detected your env to be a GoalEnv because `env.compute_reward()` was defined.
If it's not the case, please rename `env.compute_reward()` to something else to avoid False positives.
✓ Environment validation passed

Creating 8 parallel environments...
✓ VecNormalize enabled: norm_obs=True, norm_reward=False
Creating evaluation environment...
Initializing SAC + HER model...
Using cuda device
✓ Model initialized with 370,958 parameters

Configuring callbacks...
  ✓ Checkpoint every 50,000 steps
  ✓ Evaluation every 10,000 steps (10 episodes)
Loaded EGL 1.5 after reload.
GL_VENDOR=Mesa
GL_RENDERER=llvmpipe (LLVM 15.0.7, 256 bits)
GL_VERSION=4.5 (Core Profile) Mesa 23.2.1-1ubuntu3.1~22.04.2
GL_SHADING_LANGUAGE_VERSION=4.50
Version = 4.5 (Core Profile) Mesa 23.2.1-1ubuntu3.1~22.04.2
Vendor = Mesa
Renderer = llvmpipe (LLVM 15.0.7, 256 bits)
Destroy EGL OpenGL window.
Loaded EGL 1.5 after reload.
GL_VENDOR=Mesa
GL_RENDERER=llvmpipe (LLVM 15.0.7, 256 bits)
GL_VERSION=4.5 (Core Profile) Mesa 23.2.1-1ubuntu3.1~22.04.2
GL_SHADING_LANGUAGE_VERSION=4.50
Version = 4.5 (Core Profile) Mesa 23.2.1-1ubuntu3.1~22.04.2
Vendor = Mesa
Renderer = llvmpipe (LLVM 15.0.7, 256 bits)
Destroy EGL OpenGL window.
