Gym has been unmaintained since 2022 and does not support NumPy 2.0 amongst other critical functionality.
Please upgrade to Gymnasium, the maintained drop-in replacement of Gym, or contact the authors of your software and request that they upgrade.
Users of this version of Gym should be able to simply replace 'import gym' with 'import gymnasium as gym' in the vast majority of cases.
See the migration guide at https://gymnasium.farama.org/introduction/migration_guide/ for additional information.
Gym has been unmaintained since 2022 and does not support NumPy 2.0 amongst other critical functionality.
Please upgrade to Gymnasium, the maintained drop-in replacement of Gym, or contact the authors of your software and request that they upgrade.
Users of this version of Gym should be able to simply replace 'import gym' with 'import gymnasium as gym' in the vast majority of cases.
See the migration guide at https://gymnasium.farama.org/introduction/migration_guide/ for additional information.
pybullet build time: Nov 19 2025 19:01:25
Gym has been unmaintained since 2022 and does not support NumPy 2.0 amongst other critical functionality.
Please upgrade to Gymnasium, the maintained drop-in replacement of Gym, or contact the authors of your software and request that they upgrade.
Users of this version of Gym should be able to simply replace 'import gym' with 'import gymnasium as gym' in the vast majority of cases.
See the migration guide at https://gymnasium.farama.org/introduction/migration_guide/ for additional information.
pybullet build time: Nov 19 2025 19:01:25
Gym has been unmaintained since 2022 and does not support NumPy 2.0 amongst other critical functionality.
Please upgrade to Gymnasium, the maintained drop-in replacement of Gym, or contact the authors of your software and request that they upgrade.
Users of this version of Gym should be able to simply replace 'import gym' with 'import gymnasium as gym' in the vast majority of cases.
See the migration guide at https://gymnasium.farama.org/introduction/migration_guide/ for additional information.
Gym has been unmaintained since 2022 and does not support NumPy 2.0 amongst other critical functionality.
Please upgrade to Gymnasium, the maintained drop-in replacement of Gym, or contact the authors of your software and request that they upgrade.
Users of this version of Gym should be able to simply replace 'import gym' with 'import gymnasium as gym' in the vast majority of cases.
See the migration guide at https://gymnasium.farama.org/introduction/migration_guide/ for additional information.
Gym has been unmaintained since 2022 and does not support NumPy 2.0 amongst other critical functionality.
Please upgrade to Gymnasium, the maintained drop-in replacement of Gym, or contact the authors of your software and request that they upgrade.
Users of this version of Gym should be able to simply replace 'import gym' with 'import gymnasium as gym' in the vast majority of cases.
See the migration guide at https://gymnasium.farama.org/introduction/migration_guide/ for additional information.
pybullet build time: Nov 19 2025 19:01:25
Gym has been unmaintained since 2022 and does not support NumPy 2.0 amongst other critical functionality.
Please upgrade to Gymnasium, the maintained drop-in replacement of Gym, or contact the authors of your software and request that they upgrade.
Users of this version of Gym should be able to simply replace 'import gym' with 'import gymnasium as gym' in the vast majority of cases.
See the migration guide at https://gymnasium.farama.org/introduction/migration_guide/ for additional information.
pybullet build time: Nov 19 2025 19:01:25
pybullet build time: Nov 19 2025 19:01:25
Gym has been unmaintained since 2022 and does not support NumPy 2.0 amongst other critical functionality.
Please upgrade to Gymnasium, the maintained drop-in replacement of Gym, or contact the authors of your software and request that they upgrade.
Users of this version of Gym should be able to simply replace 'import gym' with 'import gymnasium as gym' in the vast majority of cases.
See the migration guide at https://gymnasium.farama.org/introduction/migration_guide/ for additional information.
Gym has been unmaintained since 2022 and does not support NumPy 2.0 amongst other critical functionality.
Please upgrade to Gymnasium, the maintained drop-in replacement of Gym, or contact the authors of your software and request that they upgrade.
Users of this version of Gym should be able to simply replace 'import gym' with 'import gymnasium as gym' in the vast majority of cases.
See the migration guide at https://gymnasium.farama.org/introduction/migration_guide/ for additional information.
Gym has been unmaintained since 2022 and does not support NumPy 2.0 amongst other critical functionality.
Please upgrade to Gymnasium, the maintained drop-in replacement of Gym, or contact the authors of your software and request that they upgrade.
Users of this version of Gym should be able to simply replace 'import gym' with 'import gymnasium as gym' in the vast majority of cases.
See the migration guide at https://gymnasium.farama.org/introduction/migration_guide/ for additional information.
Gym has been unmaintained since 2022 and does not support NumPy 2.0 amongst other critical functionality.
Please upgrade to Gymnasium, the maintained drop-in replacement of Gym, or contact the authors of your software and request that they upgrade.
Users of this version of Gym should be able to simply replace 'import gym' with 'import gymnasium as gym' in the vast majority of cases.
See the migration guide at https://gymnasium.farama.org/introduction/migration_guide/ for additional information.
Gym has been unmaintained since 2022 and does not support NumPy 2.0 amongst other critical functionality.
Please upgrade to Gymnasium, the maintained drop-in replacement of Gym, or contact the authors of your software and request that they upgrade.
Users of this version of Gym should be able to simply replace 'import gym' with 'import gymnasium as gym' in the vast majority of cases.
See the migration guide at https://gymnasium.farama.org/introduction/migration_guide/ for additional information.
pybullet build time: Nov 19 2025 19:01:25
pybullet build time: Nov 19 2025 19:01:25
pybullet build time: Nov 19 2025 19:01:25
Gym has been unmaintained since 2022 and does not support NumPy 2.0 amongst other critical functionality.
Please upgrade to Gymnasium, the maintained drop-in replacement of Gym, or contact the authors of your software and request that they upgrade.
Users of this version of Gym should be able to simply replace 'import gym' with 'import gymnasium as gym' in the vast majority of cases.
See the migration guide at https://gymnasium.farama.org/introduction/migration_guide/ for additional information.
pybullet build time: Nov 19 2025 19:01:25
pybullet build time: Nov 19 2025 19:01:25
pybullet build time: Nov 19 2025 19:01:25
pybullet build time: Nov 19 2025 19:01:25
EGL device choice: -1 of 5.
libEGL warning: failed to open /dev/dri/renderD131: Permission denied

libEGL warning: failed to open /dev/dri/card4: Permission denied

libEGL warning: failed to open /dev/dri/renderD130: Permission denied

libEGL warning: failed to open /dev/dri/card3: Permission denied

libEGL warning: failed to open /dev/dri/renderD129: Permission denied

libEGL warning: failed to open /dev/dri/card2: Permission denied

libEGL warning: failed to open /dev/dri/renderD128: Permission denied

libEGL warning: failed to open /dev/dri/card1: Permission denied

EGL device choice: -1 of 5.
EGL device choice: -1 of 5.
libEGL warning: failed to open /dev/dri/renderD131: Permission denied

libEGL warning: failed to open /dev/dri/card4: Permission denied

libEGL warning: failed to open /dev/dri/renderD131: Permission denied

libEGL warning: failed to open /dev/dri/renderD130: Permission denied

libEGL warning: failed to open /dev/dri/card4: Permission denied

libEGL warning: failed to open /dev/dri/card3: Permission denied

libEGL warning: failed to open /dev/dri/renderD130: Permission denied

libEGL warning: failed to open /dev/dri/renderD129: Permission denied

libEGL warning: failed to open /dev/dri/card3: Permission denied

libEGL warning: failed to open /dev/dri/card2: Permission denied

libEGL warning: failed to open /dev/dri/renderD129: Permission denied

libEGL warning: failed to open /dev/dri/renderD128: Permission denied

libEGL warning: failed to open /dev/dri/card2: Permission denied

libEGL warning: failed to open /dev/dri/card1: Permission denied

EGL device choice: -1 of 5.
libEGL warning: failed to open /dev/dri/renderD128: Permission denied

libEGL warning: failed to open /dev/dri/card1: Permission denied

libEGL warning: failed to open /dev/dri/renderD131: Permission denied

libEGL warning: failed to open /dev/dri/card4: Permission denied

libEGL warning: failed to open /dev/dri/renderD130: Permission denied

libEGL warning: failed to open /dev/dri/card3: Permission denied

libEGL warning: failed to open /dev/dri/renderD129: Permission denied

libEGL warning: failed to open /dev/dri/card2: Permission denied

libEGL warning: failed to open /dev/dri/renderD128: Permission denied

libEGL warning: failed to open /dev/dri/card1: Permission denied

EGL device choice: -1 of 5.
libEGL warning: failed to open /dev/dri/renderD131: Permission denied

libEGL warning: failed to open /dev/dri/card4: Permission denied

libEGL warning: failed to open /dev/dri/renderD130: Permission denied

libEGL warning: failed to open /dev/dri/card3: Permission denied

libEGL warning: failed to open /dev/dri/renderD129: Permission denied

libEGL warning: failed to open /dev/dri/card2: Permission denied

libEGL warning: failed to open /dev/dri/renderD128: Permission denied

libEGL warning: failed to open /dev/dri/card1: Permission denied

EGL device choice: -1 of 5.
libEGL warning: failed to open /dev/dri/renderD131: Permission denied

libEGL warning: failed to open /dev/dri/card4: Permission denied

libEGL warning: failed to open /dev/dri/renderD130: Permission denied

libEGL warning: failed to open /dev/dri/card3: Permission denied

libEGL warning: failed to open /dev/dri/renderD129: Permission denied

libEGL warning: failed to open /dev/dri/card2: Permission denied

libEGL warning: failed to open /dev/dri/renderD128: Permission denied

libEGL warning: failed to open /dev/dri/card1: Permission denied

EGL device choice: -1 of 5.
libEGL warning: failed to open /dev/dri/renderD131: Permission denied

libEGL warning: failed to open /dev/dri/card4: Permission denied

libEGL warning: failed to open /dev/dri/renderD130: Permission denied

libEGL warning: failed to open /dev/dri/card3: Permission denied

libEGL warning: failed to open /dev/dri/renderD129: Permission denied

libEGL warning: failed to open /dev/dri/card2: Permission denied

libEGL warning: failed to open /dev/dri/renderD128: Permission denied

libEGL warning: failed to open /dev/dri/card1: Permission denied

EGL device choice: -1 of 5.
libEGL warning: failed to open /dev/dri/renderD131: Permission denied

libEGL warning: failed to open /dev/dri/card4: Permission denied

EGL device choice: -1 of 5.
libEGL warning: failed to open /dev/dri/renderD130: Permission denied

EGL device choice: -1 of 5.
libEGL warning: failed to open /dev/dri/card3: Permission denied

libEGL warning: failed to open /dev/dri/renderD131: Permission denied

EGL device choice: -1 of 5.
EGL device choice: -1 of 5.
libEGL warning: failed to open /dev/dri/renderD129: Permission denied

libEGL warning: failed to open /dev/dri/renderD131: Permission denied

libEGL warning: failed to open /dev/dri/card4: Permission denied

libEGL warning: failed to open /dev/dri/renderD131: Permission denied

libEGL warning: failed to open /dev/dri/card2: Permission denied

libEGL warning: failed to open /dev/dri/renderD131: Permission denied

libEGL warning: failed to open /dev/dri/card4: Permission denied

libEGL warning: failed to open /dev/dri/renderD130: Permission denied

libEGL warning: failed to open /dev/dri/card4: Permission denied

libEGL warning: failed to open /dev/dri/renderD128: Permission denied

libEGL warning: failed to open /dev/dri/card4: Permission denied

libEGL warning: failed to open /dev/dri/renderD130: Permission denied

libEGL warning: failed to open /dev/dri/card3: Permission denied

libEGL warning: failed to open /dev/dri/renderD130: Permission denied

libEGL warning: failed to open /dev/dri/card1: Permission denied

libEGL warning: failed to open /dev/dri/renderD130: Permission denied

libEGL warning: failed to open /dev/dri/card3: Permission denied

libEGL warning: failed to open /dev/dri/renderD129: Permission denied

libEGL warning: failed to open /dev/dri/card3: Permission denied

libEGL warning: failed to open /dev/dri/card3: Permission denied

libEGL warning: failed to open /dev/dri/renderD129: Permission denied

libEGL warning: failed to open /dev/dri/card2: Permission denied

libEGL warning: failed to open /dev/dri/renderD129: Permission denied

libEGL warning: failed to open /dev/dri/renderD129: Permission denied

libEGL warning: failed to open /dev/dri/card2: Permission denied

libEGL warning: failed to open /dev/dri/renderD128: Permission denied

libEGL warning: failed to open /dev/dri/card2: Permission denied

libEGL warning: failed to open /dev/dri/card2: Permission denied

libEGL warning: failed to open /dev/dri/renderD128: Permission denied

libEGL warning: failed to open /dev/dri/renderD128: Permission denied

libEGL warning: failed to open /dev/dri/card1: Permission denied

libEGL warning: failed to open /dev/dri/renderD128: Permission denied

libEGL warning: failed to open /dev/dri/card1: Permission denied

libEGL warning: failed to open /dev/dri/card1: Permission denied

libEGL warning: failed to open /dev/dri/card1: Permission denied

pybullet build time: Nov 19 2025 19:01:25
EGL device choice: -1 of 5.
libEGL warning: failed to open /dev/dri/renderD131: Permission denied

libEGL warning: failed to open /dev/dri/card4: Permission denied

libEGL warning: failed to open /dev/dri/renderD130: Permission denied

libEGL warning: failed to open /dev/dri/card3: Permission denied

libEGL warning: failed to open /dev/dri/renderD129: Permission denied

libEGL warning: failed to open /dev/dri/card2: Permission denied

libEGL warning: failed to open /dev/dri/renderD128: Permission denied

libEGL warning: failed to open /dev/dri/card1: Permission denied

Error executing job with overrides: []
Traceback (most recent call last):
  File "/l/users/khalfan.hableel/xarel/sb3/train_sb3.py", line 221, in <module>
    main()
  File "/l/users/khalfan.hableel/envs/arel/lib/python3.12/site-packages/hydra/main.py", line 94, in decorated_main
    _run_hydra(
  File "/l/users/khalfan.hableel/envs/arel/lib/python3.12/site-packages/hydra/_internal/utils.py", line 394, in _run_hydra
    _run_app(
  File "/l/users/khalfan.hableel/envs/arel/lib/python3.12/site-packages/hydra/_internal/utils.py", line 457, in _run_app
    run_and_report(
  File "/l/users/khalfan.hableel/envs/arel/lib/python3.12/site-packages/hydra/_internal/utils.py", line 223, in run_and_report
    raise ex
  File "/l/users/khalfan.hableel/envs/arel/lib/python3.12/site-packages/hydra/_internal/utils.py", line 220, in run_and_report
    return func()
           ^^^^^^
  File "/l/users/khalfan.hableel/envs/arel/lib/python3.12/site-packages/hydra/_internal/utils.py", line 458, in <lambda>
    lambda: hydra.run(
            ^^^^^^^^^^
  File "/l/users/khalfan.hableel/envs/arel/lib/python3.12/site-packages/hydra/_internal/hydra.py", line 132, in run
    _ = ret.return_value
        ^^^^^^^^^^^^^^^^
  File "/l/users/khalfan.hableel/envs/arel/lib/python3.12/site-packages/hydra/core/utils.py", line 260, in return_value
    raise self._return_value
  File "/l/users/khalfan.hableel/envs/arel/lib/python3.12/site-packages/hydra/core/utils.py", line 186, in run_job
    ret.return_value = task_function(task_cfg)
                       ^^^^^^^^^^^^^^^^^^^^^^^
  File "/l/users/khalfan.hableel/xarel/sb3/train_sb3.py", line 190, in main
    model.learn(
  File "/l/users/khalfan.hableel/envs/arel/lib/python3.12/site-packages/stable_baselines3/sac/sac.py", line 313, in learn
    return super().learn(
           ^^^^^^^^^^^^^^
  File "/l/users/khalfan.hableel/envs/arel/lib/python3.12/site-packages/stable_baselines3/common/off_policy_algorithm.py", line 335, in learn
    rollout = self.collect_rollouts(
              ^^^^^^^^^^^^^^^^^^^^^^
  File "/l/users/khalfan.hableel/envs/arel/lib/python3.12/site-packages/stable_baselines3/common/off_policy_algorithm.py", line 567, in collect_rollouts
    new_obs, rewards, dones, infos = env.step(actions)
                                     ^^^^^^^^^^^^^^^^^
  File "/l/users/khalfan.hableel/envs/arel/lib/python3.12/site-packages/stable_baselines3/common/vec_env/base_vec_env.py", line 222, in step
    return self.step_wait()
           ^^^^^^^^^^^^^^^^
  File "/l/users/khalfan.hableel/envs/arel/lib/python3.12/site-packages/stable_baselines3/common/vec_env/vec_normalize.py", line 181, in step_wait
    obs, rewards, dones, infos = self.venv.step_wait()
                                 ^^^^^^^^^^^^^^^^^^^^^
  File "/l/users/khalfan.hableel/envs/arel/lib/python3.12/site-packages/stable_baselines3/common/vec_env/subproc_vec_env.py", line 137, in step_wait
    results = [remote.recv() for remote in self.remotes]
               ^^^^^^^^^^^^^
  File "/l/users/khalfan.hableel/envs/arel/lib/python3.12/multiprocessing/connection.py", line 250, in recv
    buf = self._recv_bytes()
          ^^^^^^^^^^^^^^^^^^
  File "/l/users/khalfan.hableel/envs/arel/lib/python3.12/multiprocessing/connection.py", line 430, in _recv_bytes
    buf = self._recv(4)
          ^^^^^^^^^^^^^
  File "/l/users/khalfan.hableel/envs/arel/lib/python3.12/multiprocessing/connection.py", line 399, in _recv
    raise EOFError
EOFError
Exception ignored in: <function tqdm.__del__ at 0x1536fad2ed40>
Traceback (most recent call last):
  File "/l/users/khalfan.hableel/envs/arel/lib/python3.12/site-packages/tqdm/std.py", line 1148, in __del__
  File "/l/users/khalfan.hableel/envs/arel/lib/python3.12/site-packages/tqdm/rich.py", line 121, in close
  File "/l/users/khalfan.hableel/envs/arel/lib/python3.12/site-packages/rich/progress.py", line 1189, in __exit__
  File "/l/users/khalfan.hableel/envs/arel/lib/python3.12/site-packages/rich/progress.py", line 1175, in stop
  File "/l/users/khalfan.hableel/envs/arel/lib/python3.12/site-packages/rich/live.py", line 165, in stop
  File "/l/users/khalfan.hableel/envs/arel/lib/python3.12/site-packages/rich/live.py", line 272, in refresh
  File "/l/users/khalfan.hableel/envs/arel/lib/python3.12/site-packages/rich/console.py", line 1698, in print
  File "/l/users/khalfan.hableel/envs/arel/lib/python3.12/site-packages/rich/console.py", line 1555, in _collect_renderables
  File "/l/users/khalfan.hableel/envs/arel/lib/python3.12/site-packages/rich/protocol.py", line 28, in rich_cast
ImportError: sys.meta_path is None, Python is likely shutting down
slurmstepd-gpu-55: error: Detected 1 oom_kill event in StepId=158888.batch. Some of the step tasks have been OOM Killed.
